     ABMF00GLP Site Information Form (site log)
     International GNSS Service
     See Instructions at:
       https://ftp.igs.org/pub/station/general/sitelog_instr.txt

0.   Form

     Prepared by (full name)  : RGP Team
     Date Prepared            : 2021-11-24
     Report Type              : UPDATE
     If Update:
      Previous Site Log       : abmf00fra_20211025.log
      Modified/Added Sections : 11


1.   Site Identification of the GNSS Monument

     Site Name                : Aeroport du Raizet -LES ABYMES - Météo France
     Four Character ID        : ABMF
     Monument Inscription     : NONE
     IERS DOMES Number        : 97103M001
     CDP Number               : NONE
     Monument Description     : INOX TRIANGULAR PLATE ON TOP OF METALLIC PILAR
       Height of the Monument : 2.0 m
       Monument Foundation    : ROOF
       Foundation Depth       : 4.0 m
     Marker Description       : TOP AND CENTRE OF THE TRIANGULAR PLATE
     Date Installed           : 2008-07-15T00:00Z
     Geologic Characteristic  : 
       Bedrock Type           : 
       Bedrock Condition      : 
       Fracture Spacing       : 
       Fault zones nearby     : 
         Distance/activity    : 
     Additional Information   : 


2.   Site Location Information

     City or Town             : Les Abymes
     State or Province        : Guadeloupe (971)
     Country                  : Guadeloupe
     Tectonic Plate           : CARIBBEAN
     Approximate Position (ITRF)
       X coordinate (m)       : 2919786.0
       Y coordinate (m)       : -5383745.0
       Z coordinate (m)       : 1774604.0
       Latitude (N is +)      : +161544.30
       Longitude (E is +)     : -0613139.11
       Elevation (m,ellips.)  : -25.0
     Additional Information   : 


3.   GNSS Receiver Information

3.1  Receiver Type            : ASHTECH UZ-12
     Satellite System         : GPS
     Serial Number            : UC2200303016
     Firmware Version         : CN00
     Elevation Cutoff Setting : 3 deg
     Date Installed           : 2008-07-15T00:00Z
     Date Removed             : 2008-12-29T00:00Z
     Temperature Stabiliz.    : NONE
     Additional Information   : 

3.2  Receiver Type            : ASHTECH UZ-12
     Satellite System         : GPS
     Serial Number            : UC2200303025
     Firmware Version         : CN00
     Elevation Cutoff Setting : 3 deg
     Date Installed           : 2008-12-29T00:00Z
     Date Removed             : 2009-10-15T20:00Z
     Temperature Stabiliz.    : NONE
     Additional Information   : 

3.3  Receiver Type            : TRIMBLE NETR5
     Satellite System         : GPS+GLO
     Serial Number            : 4917K61764
     Firmware Version         : 4.03
     Elevation Cutoff Setting : 3 deg
     Date Installed           : 2009-10-15T20:00Z
     Date Removed             : 2010-08-27T12:00Z
     Temperature Stabiliz.    : 
     Additional Information   : 

3.4  Receiver Type            : TRIMBLE NETR5
     Satellite System         : GPS+GLO
     Serial Number            : 4917K61764
     Firmware Version         : 4.17
     Elevation Cutoff Setting : 3 deg
     Date Installed           : 2010-08-27T12:00Z
     Date Removed             : 2011-03-24T06:00Z
     Temperature Stabiliz.    : 
     Additional Information   : 

3.5  Receiver Type            : TRIMBLE NETR5
     Satellite System         : GPS+GLO
     Serial Number            : 4917K61764
     Firmware Version         : 4.22
     Elevation Cutoff Setting : 3 deg
     Date Installed           : 2011-03-24T06:00Z
     Date Removed             : 2011-08-29T05:00Z
     Temperature Stabiliz.    : 
     Additional Information   : 

3.6  Receiver Type            : TRIMBLE NETR5
     Satellite System         : GPS+GLO
     Serial Number            : 4917K61764
     Firmware Version         : 4.42
     Elevation Cutoff Setting : 3 deg
     Date Installed           : 2011-08-29T05:00Z
     Date Removed             : 2011-11-15T05:00Z
     Temperature Stabiliz.    : 
     Additional Information   : 

3.7  Receiver Type            : TRIMBLE NETR9
     Satellite System         : GPS+GLO
     Serial Number            : 5118K75539
     Firmware Version         : 4.42
     Elevation Cutoff Setting : 3 deg
     Date Installed           : 2011-11-15T05:00Z
     Date Removed             : 2012-03-02T00:00Z
     Temperature Stabiliz.    : 
     Additional Information   : 

3.8  Receiver Type            : TRIMBLE NETR9
     Satellite System         : GPS+GLO+GAL+SBAS
     Serial Number            : 5118K75539
     Firmware Version         : 4.42
     Elevation Cutoff Setting : 3 deg
     Date Installed           : 2012-03-02T00:00Z
     Date Removed             : 2012-05-31T07:00Z
     Temperature Stabiliz.    : 
     Additional Information   : 

3.9  Receiver Type            : TRIMBLE NETR9
     Satellite System         : GPS+GLO+GAL+SBAS
     Serial Number            : 5118K75539
     Firmware Version         : 4.60
     Elevation Cutoff Setting : 3 deg
     Date Installed           : 2012-05-31T07:00Z
     Date Removed             : 2013-02-11T14:00Z
     Temperature Stabiliz.    : 
     Additional Information   : 

3.10 Receiver Type            : TRIMBLE NETR9
     Satellite System         : GPS+GLO+GAL+BDS+SBAS
     Serial Number            : 5118K75539
     Firmware Version         : 4.70
     Elevation Cutoff Setting : 3 deg
     Date Installed           : 2013-02-11T14:00Z
     Date Removed             : 2013-05-16T08:00Z
     Temperature Stabiliz.    : 
     Additional Information   : 

3.11 Receiver Type            : TRIMBLE NETR9
     Satellite System         : GPS+GLO+GAL+BDS+SBAS
     Serial Number            : 5118K75539
     Firmware Version         : 4.80
     Elevation Cutoff Setting : 3 deg
     Date Installed           : 2013-05-16T08:00Z
     Date Removed             : 2013-10-17T10:00Z
     Temperature Stabiliz.    : 
     Additional Information   : 

3.12 Receiver Type            : TRIMBLE NETR9
     Satellite System         : GPS+GLO+GAL+BDS+SBAS
     Serial Number            : 5118K75539
     Firmware Version         : 4.81
     Elevation Cutoff Setting : 3 deg
     Date Installed           : 2013-10-17T10:00Z
     Date Removed             : 2014-03-26T13:00Z
     Temperature Stabiliz.    : 
     Additional Information   : 

3.13 Receiver Type            : TRIMBLE NETR9
     Satellite System         : GPS+GLO+GAL+BDS+SBAS
     Serial Number            : 5118K75539
     Firmware Version         : 4.85
     Elevation Cutoff Setting : 3 deg
     Date Installed           : 2014-03-26T13:00Z
     Date Removed             : 2014-11-13T00:00Z
     Temperature Stabiliz.    : 
     Additional Information   : 

3.14 Receiver Type            : TRIMBLE NETR9
     Satellite System         : GPS+GLO+GAL+BDS+SBAS
     Serial Number            : 5118K75539
     Firmware Version         : 4.85
     Elevation Cutoff Setting : 3 deg
     Date Installed           : 2014-11-13T00:00Z
     Date Removed             : 2015-04-28T00:00Z
     Temperature Stabiliz.    : 
     Additional Information   : L2C enabled

3.15 Receiver Type            : LEICA GR25
     Satellite System         : GPS+GLO+GAL+BDS+SBAS
     Serial Number            : 1830399
     Firmware Version         : 3.11
     Elevation Cutoff Setting : 3 deg
     Date Installed           : 2015-04-28T00:00Z
     Date Removed             : 2016-06-28T00:00Z
     Temperature Stabiliz.    : 
     Additional Information   : L2C enabled

3.16 Receiver Type            : LEICA GR25
     Satellite System         : GPS+GLO+GAL+BDS+SBAS
     Serial Number            : 1830399
     Firmware Version         : 3.11
     Elevation Cutoff Setting : 3 deg
     Date Installed           : 2016-06-28T00:00Z
     Date Removed             : 2016-11-09T10:00Z
     Temperature Stabiliz.    : 
     Additional Information   : L2C disabled

3.17 Receiver Type            : LEICA GR25
     Satellite System         : GPS+GLO+GAL+BDS+SBAS
     Serial Number            : 1830399
     Firmware Version         : 4.02
     Elevation Cutoff Setting : 3 deg
     Date Installed           : 2016-11-09T10:00Z
     Date Removed             : 2017-08-02T10:00Z
     Temperature Stabiliz.    : 
     Additional Information   : L2C disabled

3.18 Receiver Type            : LEICA GR25
     Satellite System         : GPS+GLO+GAL+BDS+SBAS
     Serial Number            : 1830399
     Firmware Version         : 4.11
     Elevation Cutoff Setting : 3 deg
     Date Installed           : 2017-08-02T10:00Z
     Date Removed             : 2018-08-27T13:00Z
     Temperature Stabiliz.    : 
     Additional Information   : L2C disabled

3.19 Receiver Type            : LEICA GR25
     Satellite System         : GPS+GLO+GAL+BDS+SBAS
     Serial Number            : 1830399
     Firmware Version         : 4.30
     Elevation Cutoff Setting : 3 deg
     Date Installed           : 2018-08-27T13:00Z
     Date Removed             : 2019-03-13T17:00Z
     Temperature Stabiliz.    : 
     Additional Information   : L2C disabled

3.20 Receiver Type            : LEICA GR25
     Satellite System         : GPS+GLO+GAL+BDS+SBAS
     Serial Number            : 1830399
     Firmware Version         : 4.31
     Elevation Cutoff Setting : 3 deg
     Date Installed           : 2019-03-13T17:00Z
     Date Removed             : 2019-04-15T12:00Z
     Temperature Stabiliz.    : 
     Additional Information   : L2C disabled

3.21 Receiver Type            : SEPT POLARX5
     Satellite System         : GPS+GLO+GAL+BDS+SBAS
     Serial Number            : 3013312
     Firmware Version         : 5.2.0
     Elevation Cutoff Setting : 0 deg
     Date Installed           : 2019-04-15T12:00Z
     Date Removed             : 2019-10-01T16:00Z
     Temperature Stabiliz.    : 
     Additional Information   : L2C disabled

3.22 Receiver Type            : SEPT POLARX5
     Satellite System         : GPS+GLO+GAL+BDS+SBAS
     Serial Number            : 3013312
     Firmware Version         : 5.3.0
     Elevation Cutoff Setting : 0 deg
     Date Installed           : 2019-10-01T16:00Z
     Date Removed             : 2020-02-07T10:00Z
     Temperature Stabiliz.    : 
     Additional Information   : L2C disabled

3.23 Receiver Type            : SEPT POLARX5
     Satellite System         : GPS+GLO+GAL+BDS+SBAS
     Serial Number            : 3013312
     Firmware Version         : 5.3.2
     Elevation Cutoff Setting : 0 deg
     Date Installed           : 2020-02-07T10:00Z
     Date Removed             : CCYY-MM-DDThh:mmZ
     Temperature Stabiliz.    : 
     Additional Information   : L2C disabled

3.x  Receiver Type            : (A20, from rcvr_ant.tab; see instructions)
     Satellite System         : (GPS+GLO+GAL+BDS+QZSS+SBAS)
     Serial Number            : (A20, but note the first A5 is used in SINEX)
     Firmware Version         : (A11)
     Elevation Cutoff Setting : (deg)
     Date Installed           : (CCYY-MM-DDThh:mmZ)
     Date Removed             : (CCYY-MM-DDThh:mmZ)
     Temperature Stabiliz.    : (none or tolerance in degrees C)
     Additional Information   : (multiple lines)


4.   GNSS Antenna Information

4.1  Antenna Type             : AERAT2775_43    SPKE
     Serial Number            : 5546
     Antenna Reference Point  : TOP
     Marker->ARP Up Ecc. (m)  : 0.05
     Marker->ARP North Ecc(m) : 0.00
     Marker->ARP East Ecc(m)  : 0.00
     Alignment from True N    : 0 deg
     Antenna Radome Type      : SPKE
     Radome Serial Number     : NONE
     Antenna Cable Type       : 
     Antenna Cable Length     : 30 m
     Date Installed           : 2008-07-15T00:00Z
     Date Removed             : 2009-10-15T20:00Z
     Additional Information   : 

4.2  Antenna Type             : TRM55971.00     NONE
     Serial Number            : 1440911917
     Antenna Reference Point  : BAM
     Marker->ARP Up Ecc. (m)  : 0.00
     Marker->ARP North Ecc(m) : 0.00
     Marker->ARP East Ecc(m)  : 0.00
     Alignment from True N    : 0 deg
     Antenna Radome Type      : NONE
     Radome Serial Number     : 
     Antenna Cable Type       : 
     Antenna Cable Length     : 30 m
     Date Installed           : 2009-10-15T20:00Z
     Date Removed             : 2012-01-24T12:00Z
     Additional Information   : 

4.3  Antenna Type             : TRM57971.00     NONE
     Serial Number            : 1441112501
     Antenna Reference Point  : BAM
     Marker->ARP Up Ecc. (m)  : 0.00
     Marker->ARP North Ecc(m) : 0.00
     Marker->ARP East Ecc(m)  : 0.00
     Alignment from True N    : 0 deg
     Antenna Radome Type      : NONE
     Radome Serial Number     : 
     Antenna Cable Type       : 
     Antenna Cable Length     : 30 m
     Date Installed           : 2012-01-24T12:00Z
     Date Removed             : CCYY-MM-DDThh:mmZ
     Additional Information   : 

4.x  Antenna Type             : (A20, from rcvr_ant.tab; see instructions)
     Serial Number            : (A*, but note the first A5 is used in SINEX)
     Antenna Reference Point  : (BPA/BCR/XXX from "antenna.gra"; see instr.)
     Marker->ARP Up Ecc. (m)  : (F8.4)
     Marker->ARP North Ecc(m) : (F8.4)
     Marker->ARP East Ecc(m)  : (F8.4)
     Alignment from True N    : (deg; + is clockwise/east)
     Antenna Radome Type      : (A4 from rcvr_ant.tab; see instructions)
     Radome Serial Number     : 
     Antenna Cable Type       : (vendor & type number)
     Antenna Cable Length     : (m)
     Date Installed           : (CCYY-MM-DDThh:mmZ)
     Date Removed             : (CCYY-MM-DDThh:mmZ)
     Additional Information   : (multiple lines)


5.   Surveyed Local Ties

5.x  Tied Marker Name         : 
     Tied Marker Usage        : (SLR/VLBI/LOCAL CONTROL/FOOTPRINT/etc)
     Tied Marker CDP Number   : (A4)
     Tied Marker DOMES Number : (A9)
     Differential Components from GNSS Marker to the tied monument (ITRS)
       dx (m)                 : (m)
       dy (m)                 : (m)
       dz (m)                 : (m)
     Accuracy (mm)            : (mm)
     Survey method            : (GPS CAMPAIGN/TRILATERATION/TRIANGULATION/etc)
     Date Measured            : (CCYY-MM-DDThh:mmZ)
     Additional Information   : (multiple lines)


6.   Frequency Standard

6.1  Standard Type            : INTERNAL
       Input Frequency        : 
       Effective Dates        : 2008-07-15/CCYY-MM-DD
       Notes                  : 

6.x  Standard Type            : (INTERNAL or EXTERNAL H-MASER/CESIUM/etc)
       Input Frequency        : (if external)
       Effective Dates        : (CCYY-MM-DD/CCYY-MM-DD)
       Notes                  : (multiple lines)


7.   Collocation Information

7.x  Instrumentation Type     : (GPS/GLONASS/DORIS/PRARE/SLR/VLBI/TIME/etc)
       Status                 : (PERMANENT/MOBILE)
       Effective Dates        : (CCYY-MM-DD/CCYY-MM-DD)
       Notes                  : (multiple lines)


8.   Meteorological Instrumentation

8.1.1  Humidity Sensor Model  : 
       Manufacturer           : 
       Serial Number          : 
       Data Sampling Interval : 
       Accuracy (% rel h)     : 
       Aspiration             : 
       Height Diff to Ant     : 
       Calibration date       : (CCYY-MM-DD)
       Effective Dates        : (CCYY-MM-DD/CCYY-MM-DD)
       Notes                  : 

8.1.x  Humidity Sensor Model  : 
       Manufacturer           : 
       Serial Number          : 
       Data Sampling Interval : (sec)
       Accuracy (% rel h)     : (% rel h)
       Aspiration             : (UNASPIRATED/NATURAL/FAN/etc)
       Height Diff to Ant     : (m)
       Calibration date       : (CCYY-MM-DD)
       Effective Dates        : (CCYY-MM-DD/CCYY-MM-DD)
       Notes                  : (multiple lines)

8.2.x  Pressure Sensor Model  : 
       Manufacturer           : 
       Serial Number          : 
       Data Sampling Interval : (sec)
       Accuracy               : (hPa)
       Height Diff to Ant     : (m)
       Calibration date       : (CCYY-MM-DD)
       Effective Dates        : (CCYY-MM-DD/CCYY-MM-DD)
       Notes                  : (multiple lines)

8.3.1  Temp. Sensor Model     : 
       Manufacturer           : 
       Serial Number          : 
       Data Sampling Interval : 
       Accuracy               : 
       Aspiration             : 
       Height Diff to Ant     : 
       Calibration date       : 
       Effective Dates        : 
       Notes                  : 

8.3.x  Temp. Sensor Model     : 
       Manufacturer           : 
       Serial Number          : 
       Data Sampling Interval : (sec)
       Accuracy               : (deg C)
       Aspiration             : (UNASPIRATED/NATURAL/FAN/etc)
       Height Diff to Ant     : (m)
       Calibration date       : (CCYY-MM-DD)
       Effective Dates        : (CCYY-MM-DD/CCYY-MM-DD)
       Notes                  : (multiple lines)

8.4.1  Water Vapor Radiometer : 
       Manufacturer           : 
       Serial Number          : 
       Distance to Antenna    : 
       Height Diff to Ant     : 
       Calibration date       : 
       Effective Dates        : (CCYY-MM-DD/CCYY-MM-DD)
       Notes                  : 

8.4.x  Water Vapor Radiometer : 
       Manufacturer           : 
       Serial Number          : 
       Distance to Antenna    : (m)
       Height Diff to Ant     : (m)
       Calibration date       : (CCYY-MM-DD)
       Effective Dates        : (CCYY-MM-DD/CCYY-MM-DD)
       Notes                  : (multiple lines)

8.5.x  Other Instrumentation  : (multiple lines)


9.   Local Ongoing Conditions Possibly Affecting Computed Position

9.1.1  Radio Interferences    : 
       Observed Degradations  : 
       Effective Dates        : (CCYY-MM-DD/CCYY-MM-DD)
       Additional Information : 

9.1.x  Radio Interferences    : (TV/CELL PHONE ANTENNA/RADAR/etc)
       Observed Degradations  : (SN RATIO/DATA GAPS/etc)
       Effective Dates        : (CCYY-MM-DD/CCYY-MM-DD)
       Additional Information : (multiple lines)

9.2.1  Multipath Sources      : 
       Effective Dates        : (CCYY-MM-DD/CCYY-MM-DD)
       Additional Information : 

9.2.x  Multipath Sources      : (METAL ROOF/DOME/VLBI ANTENNA/etc)
       Effective Dates        : (CCYY-MM-DD/CCYY-MM-DD)
       Additional Information : (multiple lines)

9.3.1  Signal Obstructions    : 
       Effective Dates        : (CCYY-MM-DD/CCYY-MM-DD)
       Additional Information : 

9.3.x  Signal Obstructions    : (TREES/BUILDINGS/etc)
       Effective Dates        : (CCYY-MM-DD/CCYY-MM-DD)
       Additional Information : (multiple lines)


10.  Local Episodic Effects Possibly Affecting Data Quality

10.x Date                     : (CCYY-MM-DD/CCYY-MM-DD)
     Event                    : (TREE CLEARING/CONSTRUCTION/etc)

11.  On-Site, Point of Contact Agency Information

     Agency                   : Météo France
     Preferred Abbreviation   : NONE
     Mailing Address          : Météo France
                              : Aéroport du Raizet
                              : 97183 LES ABYMES
     Primary Contact
       Contact Name           : Météo France
       Telephone (primary)    : 00 33 (0)5 90 89 60 60
       Telephone (secondary)  : 
       Fax                    : 
       E-mail                 : maintenance.guadeloupe@meteo.fr
     Secondary Contact
       Contact Name           : 
       Telephone (primary)    : 
       Telephone (secondary)  : 
       Fax                    : 
       E-mail                 : 
     Additional Information   : 


12.  Responsible Agency (if different from 11.)

     Agency                   : Institut National de l'Information
                              : Geographique et Forestiere
     Preferred Abbreviation   : IGN-SGN
     Mailing Address          : 73 avenue de Paris
                              : 94165 Saint-Mandé CEDEX FRANCE
     Primary Contact
       Contact Name           : RGP Team
       Telephone (primary)    : 00 33 (0)1 43 98 83 39
       Telephone (secondary)  : 
       Fax                    : 00 33 (0)1 43 98 84 50
       E-mail                 : rgpadmin@ign.fr
     Secondary Contact
       Contact Name           : 
       Telephone (primary)    : 
       Telephone (secondary)  : 
       Fax                    : 
       E-mail                 : 
     Additional Information   : 

13.  More Information

     Primary Data Center      : IGN
     Secondary Data Center    : IGN
     URL for More Information : http://rgp.ign.fr/STATIONS/liste.php
     Hardcopy on File
       Site Map               : http://rgp.ign.fr/
       Site Diagram           : (Y)
       Horizon Mask           : (Y)
       Monument Description   : (Y)
       Site Pictures          : http://rgp.ign.fr/
     Additional Information   : 
     Antenna Graphics with Dimensions

TRM57971.00
TRM55971.00

    / ----------------------+--------------------- \
   +                        +                       +
    \ -------------------------------------------- /
                    \               /
                     \             /
                      \-----+-----/                    <--  0.0000  ARP=BAM

   <--                   0.3396                  -->






